<?xml version="1.0" encoding="UTF-8"?>
<testng-results skipped="0" failed="1" total="2" passed="1">
  <reporter-output>
  </reporter-output>
  <suite name="Default suite" duration-ms="15926" started-at="2020-03-10T16:54:20Z" finished-at="2020-03-10T16:54:36Z">
    <groups>
      <group name="cucumber">
        <method signature="AbstractTestNGCucumberTests.feature(cucumber.api.testng.CucumberFeatureWrapper)[pri:0, instance:CucumberFramework.runners.MainRunner@69ea3742]" name="feature" class="cucumber.api.testng.AbstractTestNGCucumberTests"/>
      </group> <!-- cucumber -->
    </groups>
    <test name="Default test" duration-ms="15926" started-at="2020-03-10T16:54:20Z" finished-at="2020-03-10T16:54:36Z">
      <class name="CucumberFramework.runners.MainRunner">
        <test-method status="PASS" signature="setUpClass()[pri:0, instance:CucumberFramework.runners.MainRunner@69ea3742]" name="setUpClass" is-config="true" duration-ms="133" started-at="2020-03-10T17:54:20Z" finished-at="2020-03-10T17:54:20Z">
          <reporter-output>
          </reporter-output>
        </test-method> <!-- setUpClass -->
        <test-method status="FAIL" signature="feature(cucumber.api.testng.CucumberFeatureWrapper)[pri:0, instance:CucumberFramework.runners.MainRunner@69ea3742]" name="feature" duration-ms="8019" started-at="2020-03-10T17:54:20Z" description="Runs Cucumber Feature" data-provider="features" finished-at="2020-03-10T17:54:28Z">
          <params>
            <param index="0">
              <value>
                <![CDATA[Submit data to webdriveruniversity.com using Contact Us form]]>
              </value>
            </param>
          </params>
          <exception class="cucumber.runtime.CucumberException">
            <message>
              <![CDATA[java.lang.AssertionError: expected [thank you for your message!] but found [thank you for your message!77]]]>
            </message>
            <full-stacktrace>
              <![CDATA[cucumber.runtime.CucumberException: java.lang.AssertionError: expected [thank you for your message!] but found [thank you for your message!77]
	at cucumber.api.testng.TestNGCucumberRunner.runCucumber(TestNGCucumberRunner.java:69)
	at cucumber.api.testng.AbstractTestNGCucumberTests.feature(AbstractTestNGCucumberTests.java:21)
	at sun.reflect.NativeMethodAccessorImpl.invoke0(Native Method)
	at sun.reflect.NativeMethodAccessorImpl.invoke(NativeMethodAccessorImpl.java:62)
	at sun.reflect.DelegatingMethodAccessorImpl.invoke(DelegatingMethodAccessorImpl.java:43)
	at java.lang.reflect.Method.invoke(Method.java:498)
	at org.testng.internal.MethodInvocationHelper.invokeMethod(MethodInvocationHelper.java:86)
	at org.testng.internal.Invoker.invokeMethod(Invoker.java:643)
	at org.testng.internal.Invoker.invokeTestMethod(Invoker.java:820)
	at org.testng.internal.Invoker.invokeTestMethods(Invoker.java:1128)
	at org.testng.internal.TestMethodWorker.invokeTestMethods(TestMethodWorker.java:129)
	at org.testng.internal.TestMethodWorker.run(TestMethodWorker.java:112)
	at org.testng.TestRunner.privateRun(TestRunner.java:782)
	at org.testng.TestRunner.run(TestRunner.java:632)
	at org.testng.SuiteRunner.runTest(SuiteRunner.java:366)
	at org.testng.SuiteRunner.runSequentially(SuiteRunner.java:361)
	at org.testng.SuiteRunner.privateRun(SuiteRunner.java:319)
	at org.testng.SuiteRunner.run(SuiteRunner.java:268)
	at org.testng.SuiteRunnerWorker.runSuite(SuiteRunnerWorker.java:52)
	at org.testng.SuiteRunnerWorker.run(SuiteRunnerWorker.java:86)
	at org.testng.TestNG.runSuitesSequentially(TestNG.java:1244)
	at org.testng.TestNG.runSuitesLocally(TestNG.java:1169)
	at org.testng.TestNG.run(TestNG.java:1064)
	at org.testng.remote.AbstractRemoteTestNG.run(AbstractRemoteTestNG.java:115)
	at org.testng.remote.RemoteTestNG.initAndRun(RemoteTestNG.java:251)
	at org.testng.remote.RemoteTestNG.main(RemoteTestNG.java:77)
Caused by: java.lang.AssertionError: expected [thank you for your message!] but found [thank you for your message!77]
	at org.testng.Assert.fail(Assert.java:94)
	at org.testng.Assert.failNotEquals(Assert.java:513)
	at org.testng.Assert.assertEqualsImpl(Assert.java:135)
	at org.testng.Assert.assertEquals(Assert.java:116)
	at org.testng.Assert.assertEquals(Assert.java:190)
	at org.testng.Assert.assertEquals(Assert.java:200)
	at pageObjects.ContactUs_Page.confirmContactUsFormSubmissionWasSuccessfull(ContactUs_Page.java:66)
	at stepDefinitions.ContactUsSteps.the_information_should_succesfully_be_submitted_via_the_Contact_Us_form(ContactUsSteps.java:80)
	at âœ½.Then the information should succesfully be submitted via the Contact Us form(ContactUs.feature:12)
]]>
            </full-stacktrace>
          </exception> <!-- cucumber.runtime.CucumberException -->
          <reporter-output>
          </reporter-output>
        </test-method> <!-- feature -->
        <test-method status="PASS" signature="feature(cucumber.api.testng.CucumberFeatureWrapper)[pri:0, instance:CucumberFramework.runners.MainRunner@69ea3742]" name="feature" duration-ms="7506" started-at="2020-03-10T17:54:28Z" description="Runs Cucumber Feature" data-provider="features" finished-at="2020-03-10T17:54:36Z">
          <params>
            <param index="0">
              <value>
                <![CDATA[Products page]]>
              </value>
            </param>
          </params>
          <reporter-output>
          </reporter-output>
        </test-method> <!-- feature -->
        <test-method status="PASS" signature="writeEstentReport()[pri:0, instance:CucumberFramework.runners.MainRunner@69ea3742]" name="writeEstentReport" is-config="true" duration-ms="15" started-at="2020-03-10T17:54:36Z" finished-at="2020-03-10T17:54:36Z">
          <reporter-output>
          </reporter-output>
        </test-method> <!-- writeEstentReport -->
        <test-method status="PASS" signature="tearDownClass()[pri:0, instance:CucumberFramework.runners.MainRunner@69ea3742]" name="tearDownClass" is-config="true" duration-ms="199" started-at="2020-03-10T17:54:36Z" finished-at="2020-03-10T17:54:36Z">
          <reporter-output>
          </reporter-output>
        </test-method> <!-- tearDownClass -->
      </class> <!-- CucumberFramework.runners.MainRunner -->
    </test> <!-- Default test -->
  </suite> <!-- Default suite -->
</testng-results>
